[ 50%] [32mBuilding CXX object CMakeFiles/explore_node.dir/src/explore_node.cpp.o[0m
[01m[K/home/ajdj/Workspaces/turtlebot3_ws/turtlebot3_modulo2/src/explore_cpp/src/explore_node.cpp:16:1:[m[K [01;31m[Kerror: [m[Kâ€˜[01m[Kimport[m[Kâ€™ does not name a type
   16 | [01;31m[Kimport[m[K <algorithm>
      | [01;31m[K^~~~~~[m[K
[01m[K/home/ajdj/Workspaces/turtlebot3_ws/turtlebot3_modulo2/src/explore_cpp/src/explore_node.cpp:16:1:[m[K [01;36m[Knote: [m[KC++20 â€˜[01m[Kimport[m[Kâ€™ only available with â€˜[01m[K-fmodules-ts[m[Kâ€™
[01m[K/home/ajdj/Workspaces/turtlebot3_ws/turtlebot3_modulo2/src/explore_cpp/src/explore_node.cpp:[m[K In constructor â€˜[01m[KExploreNode::ExploreNode()[m[Kâ€™:
[01m[K/home/ajdj/Workspaces/turtlebot3_ws/turtlebot3_modulo2/src/explore_cpp/src/explore_node.cpp:74:9:[m[K [01;31m[Kerror: [m[Kunable to find numeric literal operator â€˜[01m[Koperator""s[m[Kâ€™
   74 |         [01;31m[K1s[m[K, [this]() { RCLCPP_INFO(this->get_logger(), "Exploration running..."); });
      |         [01;31m[K^~[m[K
[01m[K/home/ajdj/Workspaces/turtlebot3_ws/turtlebot3_modulo2/src/explore_cpp/src/explore_node.cpp:[m[K In member function â€˜[01m[Kvoid ExploreNode::findFrontiers(const OccupancyGrid&)[m[Kâ€™:
[01m[K/home/ajdj/Workspaces/turtlebot3_ws/turtlebot3_modulo2/src/explore_cpp/src/explore_node.cpp:93:23:[m[K [01;35m[Kwarning: [m[Kcomparison of integer expressions of different signedness: â€˜[01m[Kint[m[Kâ€™ and â€˜[01m[Kconst _height_type[m[Kâ€™ {aka â€˜[01m[Kconst unsigned int[m[Kâ€™} [[01;35m[K]8;;https://gcc.gnu.org/onlinedocs/gcc/Warning-Options.html#index-Wsign-compare-Wsign-compare]8;;[m[K]
   93 |     for (int y = 0; [01;35m[Ky < map.info.height[m[K; ++y)
      |                     [01;35m[K~~^~~~~~~~~~~~~~~~~[m[K
[01m[K/home/ajdj/Workspaces/turtlebot3_ws/turtlebot3_modulo2/src/explore_cpp/src/explore_node.cpp:95:27:[m[K [01;35m[Kwarning: [m[Kcomparison of integer expressions of different signedness: â€˜[01m[Kint[m[Kâ€™ and â€˜[01m[Kconst _width_type[m[Kâ€™ {aka â€˜[01m[Kconst unsigned int[m[Kâ€™} [[01;35m[K]8;;https://gcc.gnu.org/onlinedocs/gcc/Warning-Options.html#index-Wsign-compare-Wsign-compare]8;;[m[K]
   95 |         for (int x = 0; [01;35m[Kx < map.info.width[m[K; ++x)
      |                         [01;35m[K~~^~~~~~~~~~~~~~~~[m[K
[01m[K/home/ajdj/Workspaces/turtlebot3_ws/turtlebot3_modulo2/src/explore_cpp/src/explore_node.cpp:[m[K In member function â€˜[01m[Kbool ExploreNode::isValidFrontierCell(int, int, const OccupancyGrid&)[m[Kâ€™:
[01m[K/home/ajdj/Workspaces/turtlebot3_ws/turtlebot3_modulo2/src/explore_cpp/src/explore_node.cpp:135:40:[m[K [01;35m[Kwarning: [m[Kcomparison of integer expressions of different signedness: â€˜[01m[Kint[m[Kâ€™ and â€˜[01m[Kconst _width_type[m[Kâ€™ {aka â€˜[01m[Kconst unsigned int[m[Kâ€™} [[01;35m[K]8;;https://gcc.gnu.org/onlinedocs/gcc/Warning-Options.html#index-Wsign-compare-Wsign-compare]8;;[m[K]
  135 |             if (nx < 0 || ny < 0 || [01;35m[Knx >= map.info.width[m[K || ny >= map.info.height)
      |                                     [01;35m[K~~~^~~~~~~~~~~~~~~~~[m[K
[01m[K/home/ajdj/Workspaces/turtlebot3_ws/turtlebot3_modulo2/src/explore_cpp/src/explore_node.cpp:135:64:[m[K [01;35m[Kwarning: [m[Kcomparison of integer expressions of different signedness: â€˜[01m[Kint[m[Kâ€™ and â€˜[01m[Kconst _height_type[m[Kâ€™ {aka â€˜[01m[Kconst unsigned int[m[Kâ€™} [[01;35m[K]8;;https://gcc.gnu.org/onlinedocs/gcc/Warning-Options.html#index-Wsign-compare-Wsign-compare]8;;[m[K]
  135 |             if (nx < 0 || ny < 0 || nx >= map.info.width || [01;35m[Kny >= map.info.height[m[K)
      |                                                             [01;35m[K~~~^~~~~~~~~~~~~~~~~~[m[K
gmake[2]: *** [CMakeFiles/explore_node.dir/build.make:76: CMakeFiles/explore_node.dir/src/explore_node.cpp.o] Error 1
gmake[1]: *** [CMakeFiles/Makefile2:137: CMakeFiles/explore_node.dir/all] Error 2
gmake: *** [Makefile:146: all] Error 2
